{"numFailedTestSuites":0,"numFailedTests":0,"numPassedTestSuites":14,"numPassedTests":58,"numPendingTestSuites":0,"numPendingTests":0,"numRuntimeErrorTestSuites":0,"numTodoTests":0,"numTotalTestSuites":14,"numTotalTests":58,"openHandles":[],"snapshot":{"added":0,"didUpdate":false,"failure":false,"filesAdded":0,"filesRemoved":0,"filesRemovedList":[],"filesUnmatched":0,"filesUpdated":0,"matched":0,"total":0,"unchecked":0,"uncheckedKeysByFile":[],"unmatched":0,"updated":0},"startTime":1780952037716,"success":true,"testResults":[{"assertionResults":[{"ancestorTitles":["GET /auth test"],"duration":60,"failing":false,"failureDetails":[],"failureMessages":[],"fullName":"GET /auth test auth nih login called once","invocations":1,"location":null,"numPassingAsserts":1,"retryReasons":[],"startAt":1780952038980,"status":"passed","title":"auth nih login called once"},{"ancestorTitles":["GET /auth test"],"duration":3,"failing":false,"failureDetails":[],"failureMessages":[],"fullName":"GET /auth test auth google login called once","invocations":1,"location":null,"numPassingAsserts":1,"retryReasons":[],"startAt":1780952039040,"status":"passed","title":"auth google login called once"},{"ancestorTitles":["GET /auth test"],"duration":2,"failing":false,"failureDetails":[],"failureMessages":[],"fullName":"GET /auth test auth login.gov login called once","invocations":1,"location":null,"numPassingAsserts":1,"retryReasons":[],"startAt":1780952039043,"status":"passed","title":"auth login.gov login called once"},{"ancestorTitles":["GET /auth test"],"duration":4,"failing":false,"failureDetails":[],"failureMessages":[],"fullName":"GET /auth test auth logout nih","invocations":1,"location":null,"numPassingAsserts":1,"retryReasons":[],"startAt":1780952039046,"status":"passed","title":"auth logout nih"},{"ancestorTitles":["GET /auth test"],"duration":3,"failing":false,"failureDetails":[],"failureMessages":[],"fullName":"GET /auth test auth logout login.gov","invocations":1,"location":null,"numPassingAsserts":1,"retryReasons":[],"startAt":1780952039050,"status":"passed","title":"auth logout login.gov"},{"ancestorTitles":["GET /auth test"],"duration":2,"failing":false,"failureDetails":[],"failureMessages":[],"fullName":"GET /auth test auth ras login called once","invocations":1,"location":null,"numPassingAsserts":1,"retryReasons":[],"startAt":1780952039053,"status":"passed","title":"auth ras login called once"},{"ancestorTitles":["GET /auth test"],"duration":3,"failing":false,"failureDetails":[],"failureMessages":[],"fullName":"GET /auth test auth login propagates provider statusCode","invocations":1,"location":null,"numPassingAsserts":2,"retryReasons":[],"startAt":1780952039055,"status":"passed","title":"auth login propagates provider statusCode"},{"ancestorTitles":["GET /auth test"],"duration":3,"failing":false,"failureDetails":[],"failureMessages":[],"fullName":"GET /auth test authenticated returns false when session has no user/tokens","invocations":1,"location":null,"numPassingAsserts":2,"retryReasons":[],"startAt":1780952039058,"status":"passed","title":"authenticated returns false when session has no user/tokens"},{"ancestorTitles":["GET /auth test"],"duration":3,"failing":false,"failureDetails":[],"failureMessages":[],"fullName":"GET /auth test authenticated returns true when provider validates session","invocations":1,"location":null,"numPassingAsserts":3,"retryReasons":[],"startAt":1780952039061,"status":"passed","title":"authenticated returns true when provider validates session"},{"ancestorTitles":["GET /auth test"],"duration":2,"failing":false,"failureDetails":[],"failureMessages":[],"fullName":"GET /auth test authenticated returns false when provider returns false","invocations":1,"location":null,"numPassingAsserts":2,"retryReasons":[],"startAt":1780952039065,"status":"passed","title":"authenticated returns false when provider returns false"},{"ancestorTitles":["GET /auth test"],"duration":2,"failing":false,"failureDetails":[],"failureMessages":[],"fullName":"GET /auth test cleanup returns service status","invocations":1,"location":null,"numPassingAsserts":2,"retryReasons":[],"startAt":1780952039068,"status":"passed","title":"cleanup returns service status"},{"ancestorTitles":["GET /auth test"],"duration":2,"failing":false,"failureDetails":[],"failureMessages":[],"fullName":"GET /auth test cleanup returns 500 when cleanup throws","invocations":1,"location":null,"numPassingAsserts":2,"retryReasons":[],"startAt":1780952039070,"status":"passed","title":"cleanup returns 500 when cleanup throws"},{"ancestorTitles":["GET /auth test"],"duration":2,"failing":false,"failureDetails":[],"failureMessages":[],"fullName":"GET /auth test userInfo returns 404 when session userInfo is not found","invocations":1,"location":null,"numPassingAsserts":2,"retryReasons":[],"startAt":1780952039072,"status":"passed","title":"userInfo returns 404 when session userInfo is not found"},{"ancestorTitles":["GET /auth test"],"duration":2,"failing":false,"failureDetails":[],"failureMessages":[],"fullName":"GET /auth test userInfo returns 200 when session userInfo exists","invocations":1,"location":null,"numPassingAsserts":2,"retryReasons":[],"startAt":1780952039074,"status":"passed","title":"userInfo returns 200 when session userInfo exists"},{"ancestorTitles":["GET /auth test"],"duration":1,"failing":false,"failureDetails":[],"failureMessages":[],"fullName":"GET /auth test userInfo returns 500 when session data access fails","invocations":1,"location":null,"numPassingAsserts":2,"retryReasons":[],"startAt":1780952039076,"status":"passed","title":"userInfo returns 500 when session data access fails"}],"endTime":1780952039078,"message":"","name":"/Users/cheny39/Documents/work/ctdc/tmp/crdc-ctdc-authn/test/auth.test.js","startTime":1780952037783,"status":"passed","summary":""},{"assertionResults":[{"ancestorTitles":["POST /api/auth/refresh"],"duration":18,"failing":false,"failureDetails":[],"failureMessages":[],"fullName":"POST /api/auth/refresh returns 404 because refresh endpoint is not registered","invocations":1,"location":null,"numPassingAsserts":0,"retryReasons":[],"startAt":1780952039519,"status":"passed","title":"returns 404 because refresh endpoint is not registered"}],"endTime":1780952039537,"message":"","name":"/Users/cheny39/Documents/work/ctdc/tmp/crdc-ctdc-authn/test/api/refresh-endpoint.test.js","startTime":1780952039114,"status":"passed","summary":""},{"assertionResults":[{"ancestorTitles":["RAS IDP client"],"duration":2,"failing":false,"failureDetails":[],"failureMessages":[],"fullName":"RAS IDP client login returns user with raw token shape","invocations":1,"location":null,"numPassingAsserts":3,"retryReasons":[],"startAt":1780952039599,"status":"passed","title":"login returns user with raw token shape"},{"ancestorTitles":["RAS IDP client"],"duration":1,"failing":false,"failureDetails":[],"failureMessages":[],"fullName":"RAS IDP client authenticated returns true when token is valid","invocations":1,"location":null,"numPassingAsserts":2,"retryReasons":[],"startAt":1780952039601,"status":"passed","title":"authenticated returns true when token is valid"}],"endTime":1780952039602,"message":"","name":"/Users/cheny39/Documents/work/ctdc/tmp/crdc-ctdc-authn/test/services/ras-idp.test.js","startTime":1780952039540,"status":"passed","summary":""},{"assertionResults":[{"ancestorTitles":["RAS auth service"],"duration":2,"failing":false,"failureDetails":[],"failureMessages":[],"fullName":"RAS auth service getRASTokenBundle returns raw token payload","invocations":1,"location":null,"numPassingAsserts":5,"retryReasons":[],"startAt":1780952039672,"status":"passed","title":"getRASTokenBundle returns raw token payload"},{"ancestorTitles":["RAS auth service"],"duration":4,"failing":false,"failureDetails":[],"failureMessages":[],"fullName":"RAS auth service refreshRASTokenBundle currently throws due missing normalizer","invocations":1,"location":null,"numPassingAsserts":1,"retryReasons":[],"startAt":1780952039675,"status":"passed","title":"refreshRASTokenBundle currently throws due missing normalizer"},{"ancestorTitles":["RAS auth service"],"duration":1,"failing":false,"failureDetails":[],"failureMessages":[],"fullName":"RAS auth service rasUserInfo returns JSON payload","invocations":1,"location":null,"numPassingAsserts":1,"retryReasons":[],"startAt":1780952039679,"status":"passed","title":"rasUserInfo returns JSON payload"},{"ancestorTitles":["RAS auth service"],"duration":0,"failing":false,"failureDetails":[],"failureMessages":[],"fullName":"RAS auth service validateRASPassport returns true for Valid response","invocations":1,"location":null,"numPassingAsserts":1,"retryReasons":[],"startAt":1780952039680,"status":"passed","title":"validateRASPassport returns true for Valid response"}],"endTime":1780952039680,"message":"","name":"/Users/cheny39/Documents/work/ctdc/tmp/crdc-ctdc-authn/test/services/ras-auth.test.js","startTime":1780952039612,"status":"passed","summary":""},{"assertionResults":[{"ancestorTitles":["UserService current API behavior","getUserInfo"],"duration":1,"failing":false,"failureDetails":[],"failureMessages":[],"fullName":"UserService current API behavior getUserInfo returns null when session id is missing","invocations":1,"location":null,"numPassingAsserts":1,"retryReasons":[],"startAt":1780952039733,"status":"passed","title":"returns null when session id is missing"},{"ancestorTitles":["UserService current API behavior","getUserInfo"],"duration":3,"failing":false,"failureDetails":[],"failureMessages":[],"fullName":"UserService current API behavior getUserInfo throws when session retrieval function is not configured","invocations":1,"location":null,"numPassingAsserts":1,"retryReasons":[],"startAt":1780952039734,"status":"passed","title":"throws when session retrieval function is not configured"},{"ancestorTitles":["UserService current API behavior","getUserInfo"],"duration":0,"failing":false,"failureDetails":[],"failureMessages":[],"fullName":"UserService current API behavior getUserInfo returns null when session data has no userInfo","invocations":1,"location":null,"numPassingAsserts":1,"retryReasons":[],"startAt":1780952039738,"status":"passed","title":"returns null when session data has no userInfo"},{"ancestorTitles":["UserService current API behavior","getUserInfo"],"duration":0,"failing":false,"failureDetails":[],"failureMessages":[],"fullName":"UserService current API behavior getUserInfo returns userInfo when present","invocations":1,"location":null,"numPassingAsserts":1,"retryReasons":[],"startAt":1780952039738,"status":"passed","title":"returns userInfo when present"},{"ancestorTitles":["UserService current API behavior","getUserTokenUUIDs"],"duration":0,"failing":false,"failureDetails":[],"failureMessages":[],"fullName":"UserService current API behavior getUserTokenUUIDs returns empty array for incomplete userInfo","invocations":1,"location":null,"numPassingAsserts":1,"retryReasons":[],"startAt":1780952039738,"status":"passed","title":"returns empty array for incomplete userInfo"},{"ancestorTitles":["UserService current API behavior","getUserTokenUUIDs"],"duration":6,"failing":false,"failureDetails":[],"failureMessages":[],"fullName":"UserService current API behavior getUserTokenUUIDs delegates to data service for valid userInfo","invocations":1,"location":null,"numPassingAsserts":2,"retryReasons":[],"startAt":1780952039738,"status":"passed","title":"delegates to data service for valid userInfo"}],"endTime":1780952039745,"message":"","name":"/Users/cheny39/Documents/work/ctdc/tmp/crdc-ctdc-authn/test/services/user-passport-retrieval.test.js","startTime":1780952039694,"status":"passed","summary":""},{"assertionResults":[{"ancestorTitles":["GET /health test"],"duration":5,"failing":false,"failureDetails":[],"failureMessages":[],"fullName":"GET /health test ping","invocations":1,"location":null,"numPassingAsserts":1,"retryReasons":[],"startAt":1780952040134,"status":"passed","title":"ping"},{"ancestorTitles":["GET /health test"],"duration":10,"failing":false,"failureDetails":[],"failureMessages":[],"fullName":"GET /health test version & date","invocations":1,"location":null,"numPassingAsserts":1,"retryReasons":[],"startAt":1780952040139,"status":"passed","title":"version & date"}],"endTime":1780952040149,"message":"","name":"/Users/cheny39/Documents/work/ctdc/tmp/crdc-ctdc-authn/test/health.test.js","startTime":1780952039749,"status":"passed","summary":""},{"assertionResults":[{"ancestorTitles":["MySQL pool option compatibility"],"duration":17,"failing":false,"failureDetails":[],"failureMessages":[],"fullName":"MySQL pool option compatibility services/mysql-connection does not pass removed pool options","invocations":1,"location":null,"numPassingAsserts":3,"retryReasons":[],"startAt":1780952040185,"status":"passed","title":"services/mysql-connection does not pass removed pool options"},{"ancestorTitles":["MySQL pool option compatibility"],"duration":18,"failing":false,"failureDetails":[],"failureMessages":[],"fullName":"MySQL pool option compatibility services/mySQL/mySQL-operations does not pass removed pool options","invocations":1,"location":null,"numPassingAsserts":3,"retryReasons":[],"startAt":1780952040203,"status":"passed","title":"services/mySQL/mySQL-operations does not pass removed pool options"},{"ancestorTitles":["MySQL pool option compatibility"],"duration":3,"failing":false,"failureDetails":[],"failureMessages":[],"fullName":"MySQL pool option compatibility services/session uses mysql2/promise pool without session-store-only options","invocations":1,"location":null,"numPassingAsserts":6,"retryReasons":[],"startAt":1780952040221,"status":"passed","title":"services/session uses mysql2/promise pool without session-store-only options"}],"endTime":1780952040224,"message":"","name":"/Users/cheny39/Documents/work/ctdc/tmp/crdc-ctdc-authn/test/services/mysql-config-options.test.js","startTime":1780952040155,"status":"passed","summary":""},{"assertionResults":[{"ancestorTitles":["authenticate user token tests"],"duration":3,"failing":false,"failureDetails":[],"failureMessages":[],"fullName":"authenticate user token tests invalid token","invocations":1,"location":null,"numPassingAsserts":2,"retryReasons":[],"startAt":1780952040293,"status":"passed","title":"invalid token"},{"ancestorTitles":["authenticate user token tests"],"duration":0,"failing":false,"failureDetails":[],"failureMessages":[],"fullName":"authenticate user token tests token uuid not in array","invocations":1,"location":null,"numPassingAsserts":2,"retryReasons":[],"startAt":1780952040296,"status":"passed","title":"token uuid not in array"},{"ancestorTitles":["authenticate user token tests"],"duration":0,"failing":false,"failureDetails":[],"failureMessages":[],"fullName":"authenticate user token tests invalid or missing user info","invocations":1,"location":null,"numPassingAsserts":1,"retryReasons":[],"startAt":1780952040297,"status":"passed","title":"invalid or missing user info"},{"ancestorTitles":["authenticate user token tests"],"duration":0,"failing":false,"failureDetails":[],"failureMessages":[],"fullName":"authenticate user token tests valid token and uuid in array","invocations":1,"location":null,"numPassingAsserts":1,"retryReasons":[],"startAt":1780952040297,"status":"passed","title":"valid token and uuid in array"}],"endTime":1780952040298,"message":"","name":"/Users/cheny39/Documents/work/ctdc/tmp/crdc-ctdc-authn/test/services/token-service.test.js","startTime":1780952040227,"status":"passed","summary":""},{"assertionResults":[{"ancestorTitles":["Token Refresh Endpoint","refreshRASTokenBundle"],"duration":0,"failing":false,"failureDetails":[],"failureMessages":[],"fullName":"Token Refresh Endpoint refreshRASTokenBundle should refresh token with valid refresh token","invocations":1,"location":null,"numPassingAsserts":3,"retryReasons":[],"startAt":1780952040347,"status":"passed","title":"should refresh token with valid refresh token"},{"ancestorTitles":["Token Refresh Endpoint","refreshRASTokenBundle"],"duration":4,"failing":false,"failureDetails":[],"failureMessages":[],"fullName":"Token Refresh Endpoint refreshRASTokenBundle should throw error on invalid refresh token","invocations":1,"location":null,"numPassingAsserts":1,"retryReasons":[],"startAt":1780952040347,"status":"passed","title":"should throw error on invalid refresh token"},{"ancestorTitles":["Token Refresh Endpoint","rasUserInfo"],"duration":0,"failing":false,"failureDetails":[],"failureMessages":[],"fullName":"Token Refresh Endpoint rasUserInfo should fetch user info with new access token","invocations":1,"location":null,"numPassingAsserts":3,"retryReasons":[],"startAt":1780952040351,"status":"passed","title":"should fetch user info with new access token"},{"ancestorTitles":["Token Refresh Endpoint","validateRASPassport"],"duration":0,"failing":false,"failureDetails":[],"failureMessages":[],"fullName":"Token Refresh Endpoint validateRASPassport should validate passport successfully","invocations":1,"location":null,"numPassingAsserts":2,"retryReasons":[],"startAt":1780952040351,"status":"passed","title":"should validate passport successfully"},{"ancestorTitles":["Token Refresh Endpoint","validateRASPassport"],"duration":0,"failing":false,"failureDetails":[],"failureMessages":[],"fullName":"Token Refresh Endpoint validateRASPassport should fail validation for invalid passport","invocations":1,"location":null,"numPassingAsserts":1,"retryReasons":[],"startAt":1780952040351,"status":"passed","title":"should fail validation for invalid passport"},{"ancestorTitles":["Token Refresh Endpoint","Token Refresh Flow"],"duration":1,"failing":false,"failureDetails":[],"failureMessages":[],"fullName":"Token Refresh Endpoint Token Refresh Flow should complete full refresh flow","invocations":1,"location":null,"numPassingAsserts":3,"retryReasons":[],"startAt":1780952040351,"status":"passed","title":"should complete full refresh flow"}],"endTime":1780952040352,"message":"","name":"/Users/cheny39/Documents/work/ctdc/tmp/crdc-ctdc-authn/test/services/refresh-token.test.js","startTime":1780952040300,"status":"passed","summary":""},{"assertionResults":[{"ancestorTitles":["authenticate tests"],"duration":0,"failing":false,"failureDetails":[],"failureMessages":[],"fullName":"authenticate tests request undefined","invocations":1,"location":null,"numPassingAsserts":2,"retryReasons":[],"startAt":1780952040409,"status":"passed","title":"request undefined"},{"ancestorTitles":["authenticate tests"],"duration":1,"failing":false,"failureDetails":[],"failureMessages":[],"fullName":"authenticate tests request.session missing","invocations":1,"location":null,"numPassingAsserts":2,"retryReasons":[],"startAt":1780952040409,"status":"passed","title":"request.session missing"},{"ancestorTitles":["authenticate tests"],"duration":0,"failing":false,"failureDetails":[],"failureMessages":[],"fullName":"authenticate tests incomplete userInfo","invocations":1,"location":null,"numPassingAsserts":4,"retryReasons":[],"startAt":1780952040410,"status":"passed","title":"incomplete userInfo"},{"ancestorTitles":["authenticate tests"],"duration":0,"failing":false,"failureDetails":[],"failureMessages":[],"fullName":"authenticate tests missing headers","invocations":1,"location":null,"numPassingAsserts":4,"retryReasons":[],"startAt":1780952040410,"status":"passed","title":"missing headers"},{"ancestorTitles":["authenticate tests"],"duration":0,"failing":false,"failureDetails":[],"failureMessages":[],"fullName":"authenticate tests missing or invalid auth header","invocations":1,"location":null,"numPassingAsserts":4,"retryReasons":[],"startAt":1780952040410,"status":"passed","title":"missing or invalid auth header"},{"ancestorTitles":["authenticate tests"],"duration":0,"failing":false,"failureDetails":[],"failureMessages":[],"fullName":"authenticate tests invalid token, valid session","invocations":1,"location":null,"numPassingAsserts":1,"retryReasons":[],"startAt":1780952040410,"status":"passed","title":"invalid token, valid session"},{"ancestorTitles":["authenticate tests"],"duration":1,"failing":false,"failureDetails":[],"failureMessages":[],"fullName":"authenticate tests valid token, valid session","invocations":1,"location":null,"numPassingAsserts":1,"retryReasons":[],"startAt":1780952040410,"status":"passed","title":"valid token, valid session"},{"ancestorTitles":["authenticate tests"],"duration":0,"failing":false,"failureDetails":[],"failureMessages":[],"fullName":"authenticate tests no token, valid session","invocations":1,"location":null,"numPassingAsserts":1,"retryReasons":[],"startAt":1780952040411,"status":"passed","title":"no token, valid session"},{"ancestorTitles":["authenticate tests"],"duration":0,"failing":false,"failureDetails":[],"failureMessages":[],"fullName":"authenticate tests no token, invalid session","invocations":1,"location":null,"numPassingAsserts":2,"retryReasons":[],"startAt":1780952040411,"status":"passed","title":"no token, invalid session"}],"endTime":1780952040411,"message":"","name":"/Users/cheny39/Documents/work/ctdc/tmp/crdc-ctdc-authn/test/services/authentication-service.test.js","startTime":1780952040365,"status":"passed","summary":""},{"assertionResults":[{"ancestorTitles":["Util Test"],"duration":1,"failing":false,"failureDetails":[],"failureMessages":[],"fullName":"Util Test /nih idp test","invocations":1,"location":null,"numPassingAsserts":8,"retryReasons":[],"startAt":1780952040449,"status":"passed","title":"/nih idp test"},{"ancestorTitles":["Util Test"],"duration":0,"failing":false,"failureDetails":[],"failureMessages":[],"fullName":"Util Test /login.gov idp test","invocations":1,"location":null,"numPassingAsserts":11,"retryReasons":[],"startAt":1780952040450,"status":"passed","title":"/login.gov idp test"}],"endTime":1780952040451,"message":"","name":"/Users/cheny39/Documents/work/ctdc/tmp/crdc-ctdc-authn/test/idp.test.js","startTime":1780952040413,"status":"passed","summary":""},{"assertionResults":[{"ancestorTitles":["get user token uuids tests"],"duration":0,"failing":false,"failureDetails":[],"failureMessages":[],"fullName":"get user token uuids tests invalid userInfo","invocations":1,"location":null,"numPassingAsserts":3,"retryReasons":[],"startAt":1780952040485,"status":"passed","title":"invalid userInfo"},{"ancestorTitles":["get user token uuids tests"],"duration":1,"failing":false,"failureDetails":[],"failureMessages":[],"fullName":"get user token uuids tests valid userInfo","invocations":1,"location":null,"numPassingAsserts":1,"retryReasons":[],"startAt":1780952040485,"status":"passed","title":"valid userInfo"}],"endTime":1780952040486,"message":"","name":"/Users/cheny39/Documents/work/ctdc/tmp/crdc-ctdc-authn/test/services/user-service.test.js","startTime":1780952040453,"status":"passed","summary":""},{"assertionResults":[{"ancestorTitles":["Util Test"],"duration":1,"failing":false,"failureDetails":[],"failureMessages":[],"fullName":"Util Test /string case insensitive equal","invocations":1,"location":null,"numPassingAsserts":5,"retryReasons":[],"startAt":1780952040524,"status":"passed","title":"/string case insensitive equal"}],"endTime":1780952040525,"message":"","name":"/Users/cheny39/Documents/work/ctdc/tmp/crdc-ctdc-authn/test/string.util.test.js","startTime":1780952040496,"status":"passed","summary":""},{"assertionResults":[{"ancestorTitles":["UserService passport persistence"],"duration":1,"failing":false,"failureDetails":[],"failureMessages":[],"fullName":"UserService passport persistence persistUserPassportJWT calls data layer with required fields","invocations":1,"location":null,"numPassingAsserts":2,"retryReasons":[],"startAt":1780952040556,"status":"passed","title":"persistUserPassportJWT calls data layer with required fields"}],"endTime":1780952040557,"message":"","name":"/Users/cheny39/Documents/work/ctdc/tmp/crdc-ctdc-authn/test/services/user-passport-storage.test.js","startTime":1780952040528,"status":"passed","summary":""}],"wasInterrupted":false}
